<?xml version="1.0" encoding="UTF-8"?>
<testng-results ignored="0" total="1" passed="1" failed="0" skipped="0">
  <reporter-output>
  </reporter-output>
  <suite started-at="2023-09-14T02:33:38 GMT-07:00" name="Suite" finished-at="2023-09-14T02:33:46 GMT-07:00" duration-ms="8492">
    <groups>
    </groups>
    <test started-at="2023-09-14T02:33:38 GMT-07:00" name="Test" finished-at="2023-09-14T02:33:46 GMT-07:00" duration-ms="8492">
      <class name="teamcity_test.test">
        <test-method is-config="true" signature="setup()[pri:0, instance:teamcity_test.test@6e9175d8]" started-at="2023-09-14T02:33:38 GMT-07:00" name="setup" finished-at="2023-09-14T02:33:44 GMT-07:00" duration-ms="6651" status="PASS">
          <reporter-output>
          </reporter-output>
        </test-method> <!-- setup -->
        <test-method signature="login_page()[pri:0, instance:teamcity_test.test@6e9175d8]" started-at="2023-09-14T02:33:44 GMT-07:00" name="login_page" finished-at="2023-09-14T02:33:46 GMT-07:00" duration-ms="1205" status="PASS">
          <reporter-output>
          </reporter-output>
        </test-method> <!-- login_page -->
        <test-method is-config="true" signature="closeBrowser()[pri:0, instance:teamcity_test.test@6e9175d8]" started-at="2023-09-14T02:33:46 GMT-07:00" name="closeBrowser" finished-at="2023-09-14T02:33:46 GMT-07:00" duration-ms="592" status="PASS">
          <reporter-output>
          </reporter-output>
        </test-method> <!-- closeBrowser -->
      </class> <!-- teamcity_test.test -->
    </test> <!-- Test -->
  </suite> <!-- Suite -->
</testng-results>
